$ strace mount ext4img mp/ 
execve("/usr/bin/mount", ["mount", "ext4img", "mp/"], 0x7fff4fde5430 /* 28 vars */) = 0
brk(NULL)                               = 0x5616cbc3f000
arch_prctl(0x3001 /* ARCH_??? */, 0x7ffc15162f40) = -1 EINVAL (Invalid argument)
mmap(NULL, 8192, PROT_READ|PROT_WRITE, MAP_PRIVATE|MAP_ANONYMOUS, -1, 0) = 0x7fccba251000
access("/etc/ld.so.preload", R_OK)      = -1 ENOENT (No such file or directory)
openat(AT_FDCWD, "/etc/ld.so.cache", O_RDONLY|O_CLOEXEC) = 3
fstat(3, {st_mode=S_IFREG|0644, st_size=28571, ...}) = 0
mmap(NULL, 28571, PROT_READ, MAP_PRIVATE, 3, 0) = 0x7fccba24a000
close(3)                                = 0
openat(AT_FDCWD, "/lib64/libmount.so.1", O_RDONLY|O_CLOEXEC) = 3
read(3, "\177ELF\2\1\1\0\0\0\0\0\0\0\0\0\3\0>\0\1\0\0\0\260\352\0\0\0\0\0\0"..., 832) = 832
lseek(3, 348808, SEEK_SET)              = 348808
read(3, "\4\0\0\0\20\0\0\0\5\0\0\0GNU\0\2\0\0\300\4\0\0\0\3\0\0\0\0\0\0\0", 32) = 32
fstat(3, {st_mode=S_IFREG|0755, st_size=371408, ...}) = 0
lseek(3, 348808, SEEK_SET)              = 348808
read(3, "\4\0\0\0\20\0\0\0\5\0\0\0GNU\0\2\0\0\300\4\0\0\0\3\0\0\0\0\0\0\0", 32) = 32
mmap(NULL, 4560128, PROT_NONE, MAP_PRIVATE|MAP_ANONYMOUS, -1, 0) = 0x7fccb9bcc000
mmap(0x7fccb9c00000, 2462976, PROT_READ|PROT_EXEC, MAP_PRIVATE|MAP_FIXED|MAP_DENYWRITE, 3, 0) = 0x7fccb9c00000
munmap(0x7fccb9bcc000, 212992)          = 0
munmap(0x7fccb9e5a000, 1881344)         = 0
mprotect(0x7fccb9c56000, 2093056, PROT_NONE) = 0
mmap(0x7fccb9e55000, 16384, PROT_READ|PROT_WRITE, MAP_PRIVATE|MAP_FIXED|MAP_DENYWRITE, 3, 0x55000) = 0x7fccb9e55000
mmap(0x7fccb9e59000, 1280, PROT_READ|PROT_WRITE, MAP_PRIVATE|MAP_FIXED|MAP_ANONYMOUS, -1, 0) = 0x7fccb9e59000
close(3)                                = 0
openat(AT_FDCWD, "/lib64/libblkid.so.1", O_RDONLY|O_CLOEXEC) = 3
read(3, "\177ELF\2\1\1\0\0\0\0\0\0\0\0\0\3\0>\0\1\0\0\0@\267\0\0\0\0\0\0"..., 832) = 832
lseek(3, 311912, SEEK_SET)              = 311912
read(3, "\4\0\0\0\20\0\0\0\5\0\0\0GNU\0\2\0\0\300\4\0\0\0\3\0\0\0\0\0\0\0", 32) = 32
fstat(3, {st_mode=S_IFREG|0755, st_size=343624, ...}) = 0
lseek(3, 311912, SEEK_SET)              = 311912
read(3, "\4\0\0\0\20\0\0\0\5\0\0\0GNU\0\2\0\0\300\4\0\0\0\3\0\0\0\0\0\0\0", 32) = 32
mmap(NULL, 4532000, PROT_NONE, MAP_PRIVATE|MAP_ANONYMOUS, -1, 0) = 0x7fccb97ad000
mmap(0x7fccb9800000, 2434848, PROT_READ|PROT_EXEC, MAP_PRIVATE|MAP_FIXED|MAP_DENYWRITE, 3, 0) = 0x7fccb9800000
munmap(0x7fccb97ad000, 339968)          = 0
munmap(0x7fccb9a53000, 1754912)         = 0
mprotect(0x7fccb984d000, 2093056, PROT_NONE) = 0
mmap(0x7fccb9a4c000, 24576, PROT_READ|PROT_WRITE, MAP_PRIVATE|MAP_FIXED|MAP_DENYWRITE, 3, 0x4c000) = 0x7fccb9a4c000
mmap(0x7fccb9a52000, 1824, PROT_READ|PROT_WRITE, MAP_PRIVATE|MAP_FIXED|MAP_ANONYMOUS, -1, 0) = 0x7fccb9a52000
close(3)                                = 0
openat(AT_FDCWD, "/lib64/libuuid.so.1", O_RDONLY|O_CLOEXEC) = 3
read(3, "\177ELF\2\1\1\0\0\0\0\0\0\0\0\0\3\0>\0\1\0\0\0\300\32\0\0\0\0\0\0"..., 832) = 832
lseek(3, 25104, SEEK_SET)               = 25104
read(3, "\4\0\0\0\20\0\0\0\5\0\0\0GNU\0\2\0\0\300\4\0\0\0\3\0\0\0\0\0\0\0", 32) = 32
fstat(3, {st_mode=S_IFREG|0755, st_size=33496, ...}) = 0
lseek(3, 25104, SEEK_SET)               = 25104
read(3, "\4\0\0\0\20\0\0\0\5\0\0\0GNU\0\2\0\0\300\4\0\0\0\3\0\0\0\0\0\0\0", 32) = 32
mmap(NULL, 4223008, PROT_NONE, MAP_PRIVATE|MAP_ANONYMOUS, -1, 0) = 0x7fccb93f8000
mmap(0x7fccb9400000, 2125856, PROT_READ|PROT_EXEC, MAP_PRIVATE|MAP_FIXED|MAP_DENYWRITE, 3, 0) = 0x7fccb9400000
munmap(0x7fccb93f8000, 32768)           = 0
munmap(0x7fccb9608000, 2060320)         = 0
mprotect(0x7fccb9407000, 2093056, PROT_NONE) = 0
mmap(0x7fccb9606000, 4096, PROT_READ|PROT_WRITE, MAP_PRIVATE|MAP_FIXED|MAP_DENYWRITE, 3, 0x6000) = 0x7fccb9606000
mmap(0x7fccb9607000, 32, PROT_READ|PROT_WRITE, MAP_PRIVATE|MAP_FIXED|MAP_ANONYMOUS, -1, 0) = 0x7fccb9607000
close(3)                                = 0
openat(AT_FDCWD, "/lib64/librt.so.1", O_RDONLY|O_CLOEXEC) = 3
read(3, "\177ELF\2\1\1\0\0\0\0\0\0\0\0\0\3\0>\0\1\0\0\0000$\0\0\0\0\0\0"..., 832) = 832
fstat(3, {st_mode=S_IFREG|0755, st_size=42744, ...}) = 0
mmap(NULL, 4225984, PROT_NONE, MAP_PRIVATE|MAP_ANONYMOUS, -1, 0) = 0x7fccb8ff8000
mmap(0x7fccb9000000, 2128832, PROT_READ|PROT_EXEC, MAP_PRIVATE|MAP_FIXED|MAP_DENYWRITE, 3, 0) = 0x7fccb9000000
munmap(0x7fccb8ff8000, 32768)           = 0
munmap(0x7fccb9208000, 2063296)         = 0
mprotect(0x7fccb9007000, 2093056, PROT_NONE) = 0
mmap(0x7fccb9206000, 8192, PROT_READ|PROT_WRITE, MAP_PRIVATE|MAP_FIXED|MAP_DENYWRITE, 3, 0x6000) = 0x7fccb9206000
close(3)                                = 0
openat(AT_FDCWD, "/lib64/libselinux.so.1", O_RDONLY|O_CLOEXEC) = 3
read(3, "\177ELF\2\1\1\0\0\0\0\0\0\0\0\0\3\0>\0\1\0\0\0\200z\0\0\0\0\0\0"..., 832) = 832
lseek(3, 157264, SEEK_SET)              = 157264
read(3, "\4\0\0\0\20\0\0\0\5\0\0\0GNU\0\2\0\0\300\4\0\0\0\3\0\0\0\0\0\0\0", 32) = 32
fstat(3, {st_mode=S_IFREG|0755, st_size=172080, ...}) = 0
lseek(3, 157264, SEEK_SET)              = 157264
read(3, "\4\0\0\0\20\0\0\0\5\0\0\0GNU\0\2\0\0\300\4\0\0\0\3\0\0\0\0\0\0\0", 32) = 32
mmap(NULL, 4367856, PROT_NONE, MAP_PRIVATE|MAP_ANONYMOUS, -1, 0) = 0x7fccb8bd5000
mmap(0x7fccb8c00000, 2270704, PROT_READ|PROT_EXEC, MAP_PRIVATE|MAP_FIXED|MAP_DENYWRITE, 3, 0) = 0x7fccb8c00000
munmap(0x7fccb8bd5000, 176128)          = 0
munmap(0x7fccb8e2b000, 1918448)         = 0
mprotect(0x7fccb8c27000, 2097152, PROT_NONE) = 0
mmap(0x7fccb8e27000, 8192, PROT_READ|PROT_WRITE, MAP_PRIVATE|MAP_FIXED|MAP_DENYWRITE, 3, 0x27000) = 0x7fccb8e27000
mmap(0x7fccb8e29000, 5616, PROT_READ|PROT_WRITE, MAP_PRIVATE|MAP_FIXED|MAP_ANONYMOUS, -1, 0) = 0x7fccb8e29000
close(3)                                = 0
openat(AT_FDCWD, "/lib64/libc.so.6", O_RDONLY|O_CLOEXEC) = 3
read(3, "\177ELF\2\1\1\3\0\0\0\0\0\0\0\0\3\0>\0\1\0\0\0\0\256\3\0\0\0\0\0"..., 832) = 832
fstat(3, {st_mode=S_IFREG|0755, st_size=2089152, ...}) = 0
lseek(3, 808, SEEK_SET)                 = 808
read(3, "\4\0\0\0\20\0\0\0\5\0\0\0GNU\0\2\0\0\300\4\0\0\0\3\0\0\0\0\0\0\0", 32) = 32
mmap(NULL, 6047552, PROT_NONE, MAP_PRIVATE|MAP_ANONYMOUS, -1, 0) = 0x7fccb863b000
mmap(0x7fccb8800000, 3950400, PROT_READ|PROT_EXEC, MAP_PRIVATE|MAP_FIXED|MAP_DENYWRITE, 3, 0) = 0x7fccb8800000
munmap(0x7fccb863b000, 1855488)         = 0
munmap(0x7fccb8bc5000, 239424)          = 0
mprotect(0x7fccb89bc000, 2093056, PROT_NONE) = 0
mmap(0x7fccb8bbb000, 24576, PROT_READ|PROT_WRITE, MAP_PRIVATE|MAP_FIXED|MAP_DENYWRITE, 3, 0x1bb000) = 0x7fccb8bbb000
mmap(0x7fccb8bc1000, 14144, PROT_READ|PROT_WRITE, MAP_PRIVATE|MAP_FIXED|MAP_ANONYMOUS, -1, 0) = 0x7fccb8bc1000
close(3)                                = 0
openat(AT_FDCWD, "/lib64/libpthread.so.0", O_RDONLY|O_CLOEXEC) = 3
read(3, "\177ELF\2\1\1\0\0\0\0\0\0\0\0\0\3\0>\0\1\0\0\0\360n\0\0\0\0\0\0"..., 832) = 832
fstat(3, {st_mode=S_IFREG|0755, st_size=149976, ...}) = 0
mmap(NULL, 8192, PROT_READ|PROT_WRITE, MAP_PRIVATE|MAP_ANONYMOUS, -1, 0) = 0x7fccba248000
mmap(NULL, 4322496, PROT_NONE, MAP_PRIVATE|MAP_ANONYMOUS, -1, 0) = 0x7fccb83e0000
mmap(0x7fccb8400000, 2225344, PROT_READ|PROT_EXEC, MAP_PRIVATE|MAP_FIXED|MAP_DENYWRITE, 3, 0) = 0x7fccb8400000
munmap(0x7fccb83e0000, 131072)          = 0
munmap(0x7fccb8620000, 1963200)         = 0
mprotect(0x7fccb841b000, 2093056, PROT_NONE) = 0
mmap(0x7fccb861a000, 8192, PROT_READ|PROT_WRITE, MAP_PRIVATE|MAP_FIXED|MAP_DENYWRITE, 3, 0x1a000) = 0x7fccb861a000
mmap(0x7fccb861c000, 13504, PROT_READ|PROT_WRITE, MAP_PRIVATE|MAP_FIXED|MAP_ANONYMOUS, -1, 0) = 0x7fccb861c000
close(3)                                = 0
openat(AT_FDCWD, "/lib64/libpcre2-8.so.0", O_RDONLY|O_CLOEXEC) = 3
read(3, "\177ELF\2\1\1\0\0\0\0\0\0\0\0\0\3\0>\0\1\0\0\0\200#\0\0\0\0\0\0"..., 832) = 832
lseek(3, 533040, SEEK_SET)              = 533040
read(3, "\4\0\0\0\20\0\0\0\5\0\0\0GNU\0\2\0\0\300\4\0\0\0\3\0\0\0\0\0\0\0", 32) = 32
fstat(3, {st_mode=S_IFREG|0755, st_size=543304, ...}) = 0
lseek(3, 533040, SEEK_SET)              = 533040
read(3, "\4\0\0\0\20\0\0\0\5\0\0\0GNU\0\2\0\0\300\4\0\0\0\3\0\0\0\0\0\0\0", 32) = 32
mmap(NULL, 4731432, PROT_NONE, MAP_PRIVATE|MAP_ANONYMOUS, -1, 0) = 0x7fccb7f7c000
mmap(0x7fccb8000000, 2634280, PROT_READ|PROT_EXEC, MAP_PRIVATE|MAP_FIXED|MAP_DENYWRITE, 3, 0) = 0x7fccb8000000
munmap(0x7fccb7f7c000, 540672)          = 0
munmap(0x7fccb8284000, 1552936)         = 0
mprotect(0x7fccb8083000, 2093056, PROT_NONE) = 0
mmap(0x7fccb8282000, 8192, PROT_READ|PROT_WRITE, MAP_PRIVATE|MAP_FIXED|MAP_DENYWRITE, 3, 0x82000) = 0x7fccb8282000
close(3)                                = 0
openat(AT_FDCWD, "/lib64/libdl.so.2", O_RDONLY|O_CLOEXEC) = 3
read(3, "\177ELF\2\1\1\0\0\0\0\0\0\0\0\0\3\0>\0\1\0\0\0\300\20\0\0\0\0\0\0"..., 832) = 832
fstat(3, {st_mode=S_IFREG|0755, st_size=19584, ...}) = 0
mmap(NULL, 4206896, PROT_NONE, MAP_PRIVATE|MAP_ANONYMOUS, -1, 0) = 0x7fccb7bfc000
mmap(0x7fccb7c00000, 2109744, PROT_READ|PROT_EXEC, MAP_PRIVATE|MAP_FIXED|MAP_DENYWRITE, 3, 0) = 0x7fccb7c00000
munmap(0x7fccb7bfc000, 16384)           = 0
munmap(0x7fccb7e04000, 2076976)         = 0
mprotect(0x7fccb7c03000, 2093056, PROT_NONE) = 0
mmap(0x7fccb7e02000, 8192, PROT_READ|PROT_WRITE, MAP_PRIVATE|MAP_FIXED|MAP_DENYWRITE, 3, 0x2000) = 0x7fccb7e02000
close(3)                                = 0
mmap(NULL, 8192, PROT_READ|PROT_WRITE, MAP_PRIVATE|MAP_ANONYMOUS, -1, 0) = 0x7fccba246000
arch_prctl(ARCH_SET_FS, 0x7fccba247080) = 0
mprotect(0x7fccb8bbb000, 16384, PROT_READ) = 0
mprotect(0x7fccb7e02000, 4096, PROT_READ) = 0
mprotect(0x7fccb861a000, 4096, PROT_READ) = 0
mprotect(0x7fccb8282000, 4096, PROT_READ) = 0
mprotect(0x7fccb8e27000, 4096, PROT_READ) = 0
mprotect(0x7fccb9206000, 4096, PROT_READ) = 0
mprotect(0x7fccb9606000, 4096, PROT_READ) = 0
mprotect(0x7fccb9a4c000, 20480, PROT_READ) = 0
mprotect(0x7fccb9e55000, 12288, PROT_READ) = 0
mprotect(0x5616cae56000, 4096, PROT_READ) = 0
mprotect(0x7fccba253000, 4096, PROT_READ) = 0
munmap(0x7fccba24a000, 28571)           = 0
set_tid_address(0x7fccba247350)         = 149620
set_robust_list(0x7fccba247360, 24)     = 0
rt_sigaction(SIGRTMIN, {sa_handler=0x7fccb8406970, sa_mask=[], sa_flags=SA_RESTORER|SA_SIGINFO, sa_restorer=0x7fccb8412ce0}, NULL, 8) = 0
rt_sigaction(SIGRT_1, {sa_handler=0x7fccb8406a00, sa_mask=[], sa_flags=SA_RESTORER|SA_RESTART|SA_SIGINFO, sa_restorer=0x7fccb8412ce0}, NULL, 8) = 0
rt_sigprocmask(SIG_UNBLOCK, [RTMIN RT_1], NULL, 8) = 0
prlimit64(0, RLIMIT_STACK, NULL, {rlim_cur=8192*1024, rlim_max=RLIM64_INFINITY}) = 0
statfs("/sys/fs/selinux", 0x7ffc15162ef0) = -1 ENOENT (No such file or directory)
statfs("/selinux", 0x7ffc15162ef0)      = -1 ENOENT (No such file or directory)
brk(NULL)                               = 0x5616cbc3f000
brk(0x5616cbc60000)                     = 0x5616cbc60000
openat(AT_FDCWD, "/proc/filesystems", O_RDONLY|O_CLOEXEC) = 3
fstat(3, {st_mode=S_IFREG|0444, st_size=0, ...}) = 0
read(3, "nodev\tsysfs\nnodev\trootfs\nnodev\tr"..., 1024) = 359
read(3, "", 1024)                       = 0
close(3)                                = 0
access("/etc/selinux/config", F_OK)     = 0
openat(AT_FDCWD, "/usr/lib/locale/locale-archive", O_RDONLY|O_CLOEXEC) = 3
fstat(3, {st_mode=S_IFREG|0644, st_size=217800224, ...}) = 0
mmap(NULL, 217800224, PROT_READ, MAP_PRIVATE, 3, 0) = 0x7fccaac4a000
close(3)                                = 0
getuid()                                = 0
geteuid()                               = 0
getcwd("/root/ext4test", 4096)          = 15
lstat("/root/ext4test/ext4img", {st_mode=S_IFREG|0644, st_size=409600, ...}) = 0
stat("/root/ext4test/ext4img", {st_mode=S_IFREG|0644, st_size=409600, ...}) = 0
getuid()                                = 0
geteuid()                               = 0
getgid()                                = 0
getegid()                               = 0
prctl(PR_GET_DUMPABLE)                  = 1 (SUID_DUMP_USER)
stat("/run", {st_mode=S_IFDIR|0755, st_size=880, ...}) = 0
openat(AT_FDCWD, "/proc/self/mountinfo", O_RDONLY|O_CLOEXEC) = 3
lseek(3, 0, SEEK_CUR)                   = 0
read(3, "20 92 0:20 / /sys rw,nosuid,node"..., 16384) = 2912
poll([{fd=3, events=POLLPRI}], 1, 0)    = 0 (Timeout)
read(3, "", 13472)                      = 0
lstat("/proc", {st_mode=S_IFDIR|0555, st_size=0, ...}) = 0
lstat("/proc/self", {st_mode=S_IFLNK|0777, st_size=0, ...}) = 0
readlink("/proc/self", "149620", 4095)  = 6
lstat("/proc/149620", {st_mode=S_IFDIR|0555, st_size=0, ...}) = 0
lstat("/proc/149620/mountinfo", {st_mode=S_IFREG|0444, st_size=0, ...}) = 0
close(3)                                = 0
getuid()                                = 0
geteuid()                               = 0
getgid()                                = 0
getegid()                               = 0
prctl(PR_GET_DUMPABLE)                  = 1 (SUID_DUMP_USER)
stat("/run", {st_mode=S_IFDIR|0755, st_size=880, ...}) = 0
stat("/run/mount/utab", 0x7ffc15162860) = -1 ENOENT (No such file or directory)
lstat("/root", {st_mode=S_IFDIR|0700, st_size=4096, ...}) = 0
lstat("/root/ext4test", {st_mode=S_IFDIR|0755, st_size=31, ...}) = 0
lstat("/root/ext4test/ext4img", {st_mode=S_IFREG|0644, st_size=409600, ...}) = 0
getcwd("/root/ext4test", 4096)          = 15
lstat("/root/ext4test/mp", {st_mode=S_IFDIR|0755, st_size=6, ...}) = 0
stat("/sys/block", {st_mode=S_IFDIR|0755, st_size=0, ...}) = 0
uname({sysname="Linux", nodename="localhost.localdomain", ...}) = 0
stat("/dev/loop-control", {st_mode=S_IFCHR|0660, st_rdev=makedev(0xa, 0xed), ...}) = 0
stat("/root/ext4test/ext4img", {st_mode=S_IFREG|0644, st_size=409600, ...}) = 0
stat("/dev/loop", 0x7ffc15162840)       = -1 ENOENT (No such file or directory)
openat(AT_FDCWD, "/sys/block", O_RDONLY|O_NONBLOCK|O_CLOEXEC|O_DIRECTORY) = 3
fstat(3, {st_mode=S_IFDIR|0755, st_size=0, ...}) = 0
getdents64(3, 0x5616cbc4fca0 /* 13 entries */, 32768) = 320
newfstatat(3, "loop0/loop/backing_file", 0x7ffc151626c0, 0) = -1 ENOENT (No such file or directory)
getdents64(3, 0x5616cbc4fca0 /* 0 entries */, 32768) = 0
close(3)                                = 0
stat("/sys/block", {st_mode=S_IFDIR|0755, st_size=0, ...}) = 0
stat("/dev/loop-control", {st_mode=S_IFCHR|0660, st_rdev=makedev(0xa, 0xed), ...}) = 0
openat(AT_FDCWD, "/dev/loop-control", O_RDWR|O_CLOEXEC) = 3
ioctl(3, LOOP_CTL_GET_FREE)             = 0
close(3)                                = 0
lstat("/root", {st_mode=S_IFDIR|0700, st_size=4096, ...}) = 0
lstat("/root/ext4test", {st_mode=S_IFDIR|0755, st_size=31, ...}) = 0
lstat("/root/ext4test/ext4img", {st_mode=S_IFREG|0644, st_size=409600, ...}) = 0
openat(AT_FDCWD, "/root/ext4test/ext4img", O_RDWR|O_CLOEXEC) = 3
openat(AT_FDCWD, "/dev/loop0", O_RDWR|O_CLOEXEC) = 4
ioctl(4, LOOP_SET_FD, 3)                = 0
ioctl(4, LOOP_SET_STATUS64, {lo_offset=0, lo_number=0, lo_flags=LO_FLAGS_AUTOCLEAR, lo_file_name="/root/ext4test/ext4img", ...}) = 0
close(3)                                = 0
stat("/dev/loop0", {st_mode=S_IFBLK|0660, st_rdev=makedev(0x7, 0), ...}) = 0
openat(AT_FDCWD, "/sys/dev/block/7:0", O_RDONLY|O_CLOEXEC) = 3
openat(3, "loop/autoclear", O_RDONLY|O_CLOEXEC) = 5
fcntl(5, F_GETFL)                       = 0x8000 (flags O_RDONLY|O_LARGEFILE)
fstat(5, {st_mode=S_IFREG|0444, st_size=4096, ...}) = 0
read(5, "1\n", 4096)                    = 2
close(5)                                = 0
openat(3, "ro", O_RDONLY|O_CLOEXEC)     = 5
fcntl(5, F_GETFL)                       = 0x8000 (flags O_RDONLY|O_LARGEFILE)
fstat(5, {st_mode=S_IFREG|0444, st_size=4096, ...}) = 0
read(5, "0\n", 4096)                    = 2
close(5)                                = 0
close(3)                                = 0
access("/dev/loop0", F_OK)              = 0
openat(AT_FDCWD, "/dev/loop0", O_RDONLY|O_CLOEXEC) = 3
fadvise64(3, 0, 0, POSIX_FADV_RANDOM)   = 0
fstat(3, {st_mode=S_IFBLK|0660, st_rdev=makedev(0x7, 0), ...}) = 0
ioctl(3, BLKGETSIZE64, [409600])        = 0
openat(AT_FDCWD, "/sys/dev/block/7:0", O_RDONLY|O_CLOEXEC) = 5
openat(5, "dm/uuid", O_RDONLY|O_CLOEXEC) = -1 ENOENT (No such file or directory)
close(5)                                = 0
lseek(3, 4096, SEEK_SET)                = 4096
read(3, "\0\0\0\0\0\0\0\0\0\0\0\0\0\0\0\0\0\0\0\0\0\0\0\0\0\0\0\0\0\0\0\0"..., 1024) = 1024
lseek(3, 0, SEEK_SET)                   = 0
read(3, "\0\0\0\0\0\0\0\0\0\0\0\0\0\0\0\0\0\0\0\0\0\0\0\0\0\0\0\0\0\0\0\0"..., 1024) = 1024
lseek(3, 16384, SEEK_SET)               = 16384
read(3, "\0\0\0\0\0\4\0\0\0\0\0\0\0\0\0\0\0\0\0\0\0\0\0\0\0\0\0\0\0\0\0\0"..., 512) = 512
lseek(3, 32768, SEEK_SET)               = 32768
read(3, "\0\0\0\0\0\0\0\0\0\0\0\0\0\0\0\0\0\0\0\0\0\0\0\0\0\0\0\0\0\0\0\0"..., 512) = 512
lseek(3, 65536, SEEK_SET)               = 65536
read(3, "\0\0\0\0\0\0\0\0\0\0\0\0\0\0\0\0\0\0\0\0\0\0\0\0\0\0\0\0\0\0\0\0"..., 512) = 512
lseek(3, 131072, SEEK_SET)              = 131072
read(3, "\0\0\0\0\0\0\0\0\0\0\0\0\0\0\0\0\0\0\0\0\0\0\0\0\0\0\0\0\0\0\0\0"..., 512) = 512
lseek(3, 262144, SEEK_SET)              = 262144
read(3, "\0\0\0\0\0\0\0\0\0\0\0\0\0\0\0\0\0\0\0\0\0\0\0\0\0\0\0\0\0\0\0\0"..., 512) = 512
lseek(3, 3072, SEEK_SET)                = 3072
read(3, "\0\0\0\0\0\0\0\0\0\0\0\0\0\0\0\0\0\0\0\0\0\0\0\0\0\0\0\0\0\0\0\0"..., 1024) = 1024
lseek(3, 7168, SEEK_SET)                = 7168
read(3, "\2\0\0\0\f\0\1\2.\0\0\0\2\0\0\0\f\0\2\2..\0\0\v\0\0\0\24\0\n\2"..., 1024) = 1024
lseek(3, 15360, SEEK_SET)               = 15360
read(3, "\0\0\0\0\0\4\0\0\0\0\0\0\0\0\0\0\0\0\0\0\0\0\0\0\0\0\0\0\0\0\0\0"..., 1024) = 1024
lseek(3, 31744, SEEK_SET)               = 31744
read(3, "\0\0\0\0\0\0\0\0\0\0\0\0\0\0\0\0\0\0\0\0\0\0\0\0\0\0\0\0\0\0\0\0"..., 1024) = 1024
lseek(3, 64512, SEEK_SET)               = 64512
read(3, "\0\0\0\0\0\0\0\0\0\0\0\0\0\0\0\0\0\0\0\0\0\0\0\0\0\0\0\0\0\0\0\0"..., 1024) = 1024
lseek(3, 1024, SEEK_SET)                = 1024
read(3, "8\0\0\0\220\1\0\0\24\0\0\0r\1\0\0+\0\0\0\1\0\0\0\0\0\0\0\0\0\0\0"..., 1024) = 1024
ioctl(3, BLKSSZGET, [512])              = 0
openat(AT_FDCWD, "/sys/dev/block/7:0", O_RDONLY|O_CLOEXEC) = 5
newfstatat(5, "partition", 0x7ffc15161960, 0) = -1 ENOENT (No such file or directory)
openat(5, "dm/uuid", O_RDONLY|O_CLOEXEC) = -1 ENOENT (No such file or directory)
close(5)                                = 0
close(3)                                = 0
stat("/sbin/mount.ext4", 0x7ffc15161c50) = -1 ENOENT (No such file or directory)
stat("/sbin/fs.d/mount.ext4", 0x7ffc15161c50) = -1 ENOENT (No such file or directory)
stat("/sbin/fs/mount.ext4", 0x7ffc15161c50) = -1 ENOENT (No such file or directory)
lstat("/run/mount/utab", 0x7ffc15162da0) = -1 ENOENT (No such file or directory)
mkdir("/run/mount", 0755)               = -1 EEXIST (File exists)
stat("/run/mount/utab", 0x7ffc15162c80) = -1 ENOENT (No such file or directory)
stat("/run/mount", {st_mode=S_IFDIR|0755, st_size=40, ...}) = 0
geteuid()                               = 0
getegid()                               = 0
getuid()                                = 0
getgid()                                = 0
access("/run/mount", R_OK|W_OK)         = 0
mount("/dev/loop0", "/root/ext4test/mp", "ext4", MS_MGC_VAL, NULL) = 0
close(4)                                = 0
close(1)                                = 0
close(2)                                = 0
exit_group(0)                           = ?
+++ exited with 0 +++
